7
loading data
mean of input data
[27.73478675  2.49622512  0.6725357 ]
min of input data
[-359.89138085    0.         -358.15238973]
max of input data
[357.88102783  12.39961693 357.95459151]
done loading data
WARNING:tensorflow:From /tmp/op_blocks/fc_layer.py:9: __init__ (from tensorflow.python.ops.init_ops) is deprecated and will be removed in a future version.
Instructions for updating:
Use tf.initializers.variance_scaling instead with distribution=uniform to get equivalent behavior.
2019-01-03 23:17:41.226499: I tensorflow/core/platform/cpu_feature_guard.cc:141] Your CPU supports instructions that this TensorFlow binary was not compiled to use: AVX2 FMA
2019-01-03 23:17:41.308921: I tensorflow/stream_executor/cuda/cuda_gpu_executor.cc:964] successful NUMA node read from SysFS had negative value (-1), but there must be at least one NUMA node, so returning NUMA node zero
2019-01-03 23:17:41.309535: I tensorflow/core/common_runtime/gpu/gpu_device.cc:1432] Found device 0 with properties: 
name: Quadro M5000 major: 5 minor: 2 memoryClockRate(GHz): 1.038
pciBusID: 0000:01:00.0
totalMemory: 7.94GiB freeMemory: 7.39GiB
2019-01-03 23:17:41.309554: I tensorflow/core/common_runtime/gpu/gpu_device.cc:1511] Adding visible gpu devices: 0
2019-01-03 23:17:41.518445: I tensorflow/core/common_runtime/gpu/gpu_device.cc:982] Device interconnect StreamExecutor with strength 1 edge matrix:
2019-01-03 23:17:41.518485: I tensorflow/core/common_runtime/gpu/gpu_device.cc:988]      0 
2019-01-03 23:17:41.518492: I tensorflow/core/common_runtime/gpu/gpu_device.cc:1001] 0:   N 
2019-01-03 23:17:41.518867: I tensorflow/core/common_runtime/gpu/gpu_device.cc:1115] Created TensorFlow device (/job:localhost/replica:0/task:0/device:GPU:0 with 7127 MB memory) -> physical GPU (device: 0, name: Quadro M5000, pci bus id: 0000:01:00.0, compute capability: 5.2)
It: 0 Loss: 1490.97900391, LR: 0.0001
It: 100 Loss: 1509.51196289, LR: 9.95012479193e-05
It: 200 Loss: 2977.875, LR: 9.90049833749e-05
It: 300 Loss: 1495.75170898, LR: 9.85111939603e-05
It: 400 Loss: 1509.21337891, LR: 9.80198673307e-05
It: 500 Loss: 1011.16741943, LR: 9.75309912028e-05
It: 600 Loss: 3968.85327148, LR: 9.70445533549e-05
It: 700 Loss: 2513.34790039, LR: 9.65605416258e-05
It: 800 Loss: 1495.24243164, LR: 9.60789439152e-05
It: 900 Loss: 1937.37512207, LR: 9.55997481833e-05
It: 1000 Loss: 2461.72509766, LR: 9.51229424501e-05
It: 1100 Loss: 1481.38000488, LR: 9.46485147953e-05
It: 1200 Loss: 4368.46142578, LR: 9.41764533584e-05
It: 1300 Loss: 2455.68115234, LR: 9.37067463377e-05
It: 1400 Loss: 2422.46484375, LR: 9.32393819906e-05
It: 1500 Loss: 5325.26953125, LR: 9.27743486329e-05
It: 1600 Loss: 3929.27441406, LR: 9.23116346387e-05
It: 1700 Loss: 1938.69946289, LR: 9.18512284401e-05
It: 1800 Loss: 1987.14208984, LR: 9.13931185271e-05
It: 1900 Loss: 2471.64672852, LR: 9.09372934468e-05
It: 2000 Loss: 2999.7265625, LR: 9.04837418036e-05
It: 2100 Loss: 999.054260254, LR: 9.00324522586e-05
It: 2200 Loss: 1874.60241699, LR: 8.95834135297e-05
It: 2300 Loss: 1406.74267578, LR: 8.91366143907e-05
It: 2400 Loss: 2887.85083008, LR: 8.86920436717e-05
It: 2500 Loss: 1965.07910156, LR: 8.82496902585e-05
It: 2600 Loss: 1349.33764648, LR: 8.78095430921e-05
It: 2700 Loss: 768.648803711, LR: 8.73715911688e-05
It: 2800 Loss: 3023.01220703, LR: 8.69358235399e-05
It: 2900 Loss: 1410.00439453, LR: 8.65022293111e-05
It: 3000 Loss: 1428.84399414, LR: 8.60707976425e-05
It: 3100 Loss: 1796.47155762, LR: 8.56415177484e-05
It: 3200 Loss: 1740.66381836, LR: 8.52143788966e-05
It: 3300 Loss: 3355.11230469, LR: 8.47893704088e-05
It: 3400 Loss: 239.741333008, LR: 8.43664816596e-05
It: 3500 Loss: 750.404052734, LR: 8.39457020769e-05
It: 3600 Loss: 934.149902344, LR: 8.35270211411e-05
It: 3700 Loss: 676.202514648, LR: 8.31104283852e-05
It: 3800 Loss: 1009.98590088, LR: 8.26959133943e-05
It: 3900 Loss: 1527.23388672, LR: 8.22834658056e-05
It: 4000 Loss: 461.073822021, LR: 8.18730753078e-05
It: 4100 Loss: 337.038757324, LR: 8.14647316411e-05
It: 4200 Loss: 1148.55981445, LR: 8.1058424597e-05
It: 4300 Loss: 619.095581055, LR: 8.06541440177e-05
It: 4400 Loss: 1591.87841797, LR: 8.02518797962e-05
It: 4500 Loss: 845.132629395, LR: 7.98516218759e-05
It: 4600 Loss: 1626.41589355, LR: 7.94533602503e-05
It: 4700 Loss: 960.375366211, LR: 7.90570849629e-05
It: 4800 Loss: 1310.00561523, LR: 7.86627861067e-05
It: 4900 Loss: 762.784484863, LR: 7.82704538242e-05
It: 5000 Loss: 108.977249146, LR: 7.78800783071e-05
It: 5100 Loss: 134.488616943, LR: 7.74916497961e-05
It: 5200 Loss: 72.150894165, LR: 7.71051585804e-05
It: 5300 Loss: 357.638641357, LR: 7.67205949976e-05
It: 5400 Loss: 490.763671875, LR: 7.63379494337e-05
It: 5500 Loss: 123.819236755, LR: 7.59572123225e-05
It: 5600 Loss: 164.380783081, LR: 7.55783741456e-05
It: 5700 Loss: 523.609436035, LR: 7.52014254319e-05
It: 5800 Loss: 346.616668701, LR: 7.48263567579e-05
It: 5900 Loss: 116.914245605, LR: 7.44531587466e-05
It: 6000 Loss: 167.290405273, LR: 7.40818220682e-05
It: 6100 Loss: 139.00843811, LR: 7.37123374392e-05
It: 6200 Loss: 77.5922546387, LR: 7.33446956224e-05
It: 6300 Loss: 415.224853516, LR: 7.29788874269e-05
It: 6400 Loss: 400.13394165, LR: 7.26149037074e-05
It: 6500 Loss: 245.250869751, LR: 7.22527353642e-05
It: 6600 Loss: 88.8847732544, LR: 7.18923733432e-05
It: 6700 Loss: 436.709350586, LR: 7.15338086353e-05
It: 6800 Loss: 40.3377075195, LR: 7.11770322763e-05
It: 6900 Loss: 458.45324707, LR: 7.08220353468e-05
It: 7000 Loss: 443.001525879, LR: 7.04688089719e-05
It: 7100 Loss: 27.0092163086, LR: 7.01173443209e-05
It: 7200 Loss: 110.331100464, LR: 6.97676326071e-05
It: 7300 Loss: 216.899108887, LR: 6.94196650878e-05
It: 7400 Loss: 306.67199707, LR: 6.90734330637e-05
It: 7500 Loss: 52.6895751953, LR: 6.87289278791e-05
It: 7600 Loss: 134.385910034, LR: 6.83861409212e-05
It: 7700 Loss: 17.9546909332, LR: 6.80450636205e-05
It: 7800 Loss: 100.474487305, LR: 6.77056874498e-05
It: 7900 Loss: 236.736328125, LR: 6.73680039249e-05
It: 8000 Loss: 544.755615234, LR: 6.70320046036e-05
It: 8100 Loss: 123.384765625, LR: 6.66976810858e-05
It: 8200 Loss: 21.0076828003, LR: 6.63650250136e-05
It: 8300 Loss: 883.800292969, LR: 6.60340280705e-05
It: 8400 Loss: 951.519104004, LR: 6.57046819815e-05
It: 8500 Loss: 243.389862061, LR: 6.5376978513e-05
It: 8600 Loss: 30.393819809, LR: 6.50509094723e-05
It: 8700 Loss: 390.316680908, LR: 6.47264667078e-05
It: 8800 Loss: 61.6514511108, LR: 6.44036421083e-05
It: 8900 Loss: 683.307189941, LR: 6.40824276032e-05
It: 9000 Loss: 514.922607422, LR: 6.37628151622e-05
It: 9100 Loss: 18.5297470093, LR: 6.34447967948e-05
It: 9200 Loss: 135.496734619, LR: 6.31283645507e-05
It: 9300 Loss: 810.393371582, LR: 6.2813510519e-05
It: 9400 Loss: 293.820251465, LR: 6.25002268283e-05
It: 9500 Loss: 28.9100074768, LR: 6.21885056465e-05
It: 9600 Loss: 40.3321990967, LR: 6.18783391806e-05
It: 9700 Loss: 12.0820169449, LR: 6.15697196764e-05
It: 9800 Loss: 136.939193726, LR: 6.12626394184e-05
It: 9900 Loss: 170.66569519, LR: 6.09570907296e-05
It: 10000 Loss: 31.55418396, LR: 6.06530659713e-05
It: 10100 Loss: 12.7201251984, LR: 6.03505575427e-05
It: 10200 Loss: 12.3889341354, LR: 6.00495578812e-05
It: 10300 Loss: 12.5737743378, LR: 5.97500594618e-05
It: 10400 Loss: 13.9885549545, LR: 5.9452054797e-05
It: 10500 Loss: 277.738555908, LR: 5.91555364367e-05
It: 10600 Loss: 10.8697967529, LR: 5.88604969678e-05
It: 10700 Loss: 13.199473381, LR: 5.85669290145e-05
It: 10800 Loss: 25.267250061, LR: 5.82748252374e-05
It: 10900 Loss: 654.731811523, LR: 5.7984178334e-05
It: 11000 Loss: 275.215667725, LR: 5.7694981038e-05
It: 11100 Loss: 147.54397583, LR: 5.74072261196e-05
It: 11200 Loss: 63.9570236206, LR: 5.71209063849e-05
It: 11300 Loss: 290.05456543, LR: 5.68360146758e-05
It: 11400 Loss: 33.7331352234, LR: 5.655254387e-05
It: 11500 Loss: 237.075775146, LR: 5.62704868807e-05
It: 11600 Loss: 92.16771698, LR: 5.59898366565e-05
It: 11700 Loss: 609.733459473, LR: 5.57105861812e-05
It: 11800 Loss: 722.815429688, LR: 5.54327284735e-05
It: 11900 Loss: 560.147033691, LR: 5.51562565868e-05
It: 12000 Loss: 181.046737671, LR: 5.48811636094e-05
It: 12100 Loss: 406.321472168, LR: 5.4607442664e-05
It: 12200 Loss: 408.150970459, LR: 5.43350869074e-05
It: 12300 Loss: 58.3769073486, LR: 5.40640895309e-05
It: 12400 Loss: 257.800354004, LR: 5.37944437595e-05
It: 12500 Loss: 9.68307685852, LR: 5.35261428519e-05
It: 12600 Loss: 142.735458374, LR: 5.32591801007e-05
It: 12700 Loss: 90.4780426025, LR: 5.29935488318e-05
It: 12800 Loss: 137.832061768, LR: 5.27292424043e-05
It: 12900 Loss: 165.820999146, LR: 5.24662542107e-05
It: 13000 Loss: 208.262435913, LR: 5.22045776761e-05
It: 13100 Loss: 80.0430145264, LR: 5.19442062587e-05
It: 13200 Loss: 60.9193572998, LR: 5.16851334492e-05
It: 13300 Loss: 16.0996589661, LR: 5.14273527707e-05
It: 13400 Loss: 10.8735809326, LR: 5.11708577787e-05
It: 13500 Loss: 235.058197021, LR: 5.09156420608e-05
It: 13600 Loss: 288.426269531, LR: 5.06616992366e-05
It: 13700 Loss: 257.333770752, LR: 5.04090229575e-05
It: 13800 Loss: 237.727706909, LR: 5.01576069066e-05
It: 13900 Loss: 421.873352051, LR: 4.99074447985e-05
It: 14000 Loss: 6.92005205154, LR: 4.96585303791e-05
It: 14100 Loss: 20.4076156616, LR: 4.94108574256e-05
It: 14200 Loss: 69.4339370728, LR: 4.91644197461e-05
It: 14300 Loss: 705.109924316, LR: 4.89192111796e-05
It: 14400 Loss: 7.03844118118, LR: 4.8675225596e-05
It: 14500 Loss: 133.984054565, LR: 4.84324568955e-05
It: 14600 Loss: 6.5480222702, LR: 4.8190899009e-05
It: 14700 Loss: 16.0306358337, LR: 4.79505458975e-05
It: 14800 Loss: 81.8524475098, LR: 4.77113915521e-05
It: 14900 Loss: 74.7846832275, LR: 4.7473429994e-05
It: 15000 Loss: 538.19720459, LR: 4.72366552741e-05
It: 15100 Loss: 44.6920776367, LR: 4.70010614731e-05
It: 15200 Loss: 23.2737770081, LR: 4.6766642701e-05
It: 15300 Loss: 151.636749268, LR: 4.65333930974e-05
It: 15400 Loss: 359.123779297, LR: 4.63013068311e-05
It: 15500 Loss: 665.906860352, LR: 4.60703780999e-05
It: 15600 Loss: 289.433258057, LR: 4.58406011305e-05
It: 15700 Loss: 60.2205352783, LR: 4.56119701786e-05
It: 15800 Loss: 107.054290771, LR: 4.53844795282e-05
It: 15900 Loss: 256.329986572, LR: 4.51581234923e-05
It: 16000 Loss: 613.487243652, LR: 4.49328964117e-05
It: 16100 Loss: 397.035644531, LR: 4.47087926559e-05
It: 16200 Loss: 202.929702759, LR: 4.44858066223e-05
It: 16300 Loss: 168.18699646, LR: 4.42639327361e-05
It: 16400 Loss: 166.635314941, LR: 4.40431654506e-05
It: 16500 Loss: 24.1651000977, LR: 4.38234992465e-05
It: 16600 Loss: 9.14684867859, LR: 4.36049286322e-05
It: 16700 Loss: 847.969665527, LR: 4.33874481433e-05
It: 16800 Loss: 737.264770508, LR: 4.31710523429e-05
It: 16900 Loss: 12.7329158783, LR: 4.29557358211e-05
It: 17000 Loss: 732.0390625, LR: 4.27414931949e-05
It: 17100 Loss: 22.4086380005, LR: 4.25283191082e-05
It: 17200 Loss: 78.4762496948, LR: 4.23162082318e-05
It: 17300 Loss: 338.392669678, LR: 4.21051552627e-05
It: 17400 Loss: 20.0771255493, LR: 4.18951549248e-05
It: 17500 Loss: 8.31631469727, LR: 4.16862019679e-05
It: 17600 Loss: 18.6754741669, LR: 4.14782911682e-05
It: 17700 Loss: 129.96421814, LR: 4.12714173279e-05
It: 17800 Loss: 726.913818359, LR: 4.10655752752e-05
It: 17900 Loss: 6.18145990372, LR: 4.08607598641e-05
It: 18000 Loss: 706.51574707, LR: 4.06569659741e-05
It: 18100 Loss: 118.515853882, LR: 4.04541885103e-05
It: 18200 Loss: 9.80990409851, LR: 4.02524224034e-05
It: 18300 Loss: 189.099563599, LR: 4.00516626091e-05
It: 18400 Loss: 174.50227356, LR: 3.98519041085e-05
It: 18500 Loss: 424.164855957, LR: 3.96531419075e-05
It: 18600 Loss: 670.263122559, LR: 3.94553710372e-05
It: 18700 Loss: 170.893600464, LR: 3.92585865532e-05
It: 18800 Loss: 373.73526001, LR: 3.90627835359e-05
It: 18900 Loss: 6.05387353897, LR: 3.88679570902e-05
It: 19000 Loss: 75.3657226562, LR: 3.86741023455e-05
It: 19100 Loss: 18.3517570496, LR: 3.84812144553e-05
It: 19200 Loss: 13.0698804855, LR: 3.82892885975e-05
It: 19300 Loss: 617.826904297, LR: 3.80983199739e-05
It: 19400 Loss: 182.292800903, LR: 3.79083038103e-05
It: 19500 Loss: 326.833587646, LR: 3.77192353563e-05
It: 19600 Loss: 25.3504714966, LR: 3.75311098851e-05
It: 19700 Loss: 29.4544448853, LR: 3.73439226937e-05
It: 19800 Loss: 406.430908203, LR: 3.71576691022e-05
It: 19900 Loss: 99.5268325806, LR: 3.69723444544e-05
It: 20000 Loss: 6.5067358017, LR: 3.67879441171e-05
It: 20100 Loss: 4.34566497803, LR: 3.66044634804e-05
It: 20200 Loss: 1227.47741699, LR: 3.64218979572e-05
It: 20300 Loss: 1300.21643066, LR: 3.62402429832e-05
It: 20400 Loss: 12.9632081985, LR: 3.60594940173e-05
It: 20500 Loss: 589.723205566, LR: 3.58796465406e-05
It: 20600 Loss: 477.641479492, LR: 3.57006960569e-05
It: 20700 Loss: 590.694396973, LR: 3.55226380925e-05
It: 20800 Loss: 68.12449646, LR: 3.53454681959e-05
It: 20900 Loss: 86.0077667236, LR: 3.51691819378e-05
It: 21000 Loss: 20.6296310425, LR: 3.49937749111e-05
It: 21100 Loss: 489.422943115, LR: 3.48192427306e-05
It: 21200 Loss: 194.378433228, LR: 3.4645581033e-05
It: 21300 Loss: 131.138839722, LR: 3.44727854767e-05
It: 21400 Loss: 18.1875953674, LR: 3.43008517419e-05
It: 21500 Loss: 527.968383789, LR: 3.41297755301e-05
It: 21600 Loss: 192.588638306, LR: 3.39595525645e-05
It: 21700 Loss: 94.217048645, LR: 3.37901785895e-05
It: 21800 Loss: 417.159210205, LR: 3.36216493707e-05
It: 21900 Loss: 164.922180176, LR: 3.34539606949e-05
It: 22000 Loss: 4.98855638504, LR: 3.32871083698e-05
It: 22100 Loss: 4.876537323, LR: 3.31210882242e-05
It: 22200 Loss: 6.20118570328, LR: 3.29558961075e-05
It: 22300 Loss: 12.4109354019, LR: 3.279152789e-05
It: 22400 Loss: 120.878379822, LR: 3.26279794623e-05
It: 22500 Loss: 38.5509872437, LR: 3.24652467358e-05
It: 22600 Loss: 4.85810375214, LR: 3.23033256422e-05
It: 22700 Loss: 127.369941711, LR: 3.21422121334e-05
It: 22800 Loss: 429.870635986, LR: 3.19819021816e-05
It: 22900 Loss: 4.44194602966, LR: 3.1822391779e-05
It: 23000 Loss: 526.00390625, LR: 3.16636769379e-05
It: 23100 Loss: 196.915924072, LR: 3.15057536903e-05
It: 23200 Loss: 14.518819809, LR: 3.13486180883e-05
It: 23300 Loss: 24.4040107727, LR: 3.11922662033e-05
It: 23400 Loss: 233.243362427, LR: 3.10366941265e-05
It: 23500 Loss: 5.30375528336, LR: 3.08818979688e-05
It: 23600 Loss: 720.472961426, LR: 3.07278738601e-05
It: 23700 Loss: 45.6117477417, LR: 3.05746179499e-05
It: 23800 Loss: 122.006919861, LR: 3.04221264067e-05
It: 23900 Loss: 80.9318313599, LR: 3.02703954182e-05
It: 24000 Loss: 156.489868164, LR: 3.01194211912e-05
It: 24100 Loss: 105.915481567, LR: 2.99691999513e-05
It: 24200 Loss: 14.845117569, LR: 2.9819727943e-05
It: 24300 Loss: 923.895874023, LR: 2.96710014294e-05
It: 24400 Loss: 142.065673828, LR: 2.95230166924e-05
It: 24500 Loss: 13.8012037277, LR: 2.93757700324e-05
It: 24600 Loss: 958.991882324, LR: 2.92292577681e-05
It: 24700 Loss: 11.8874387741, LR: 2.90834762368e-05
It: 24800 Loss: 300.908996582, LR: 2.89384217939e-05
It: 24900 Loss: 41.2489891052, LR: 2.87940908131e-05
It: 25000 Loss: 66.8024291992, LR: 2.8650479686e-05
It: 25100 Loss: 222.630706787, LR: 2.85075848224e-05
It: 25200 Loss: 808.067749023, LR: 2.836540265e-05
It: 25300 Loss: 44.8676261902, LR: 2.82239296141e-05
It: 25400 Loss: 306.825653076, LR: 2.80831621778e-05
It: 25500 Loss: 185.355056763, LR: 2.79430968221e-05
It: 25600 Loss: 23.7984790802, LR: 2.78037300453e-05
It: 25700 Loss: 182.456207275, LR: 2.76650583632e-05
It: 25800 Loss: 33.6689910889, LR: 2.7527078309e-05
It: 25900 Loss: 4.91717529297, LR: 2.73897864331e-05
It: 26000 Loss: 73.5682601929, LR: 2.72531793034e-05
It: 26100 Loss: 212.570236206, LR: 2.71172535046e-05
It: 26200 Loss: 590.998291016, LR: 2.69820056385e-05
It: 26300 Loss: 5.80761289597, LR: 2.68474323239e-05
It: 26400 Loss: 805.504699707, LR: 2.67135301966e-05
It: 26500 Loss: 4.1162815094, LR: 2.65802959089e-05
It: 26600 Loss: 663.661376953, LR: 2.644772613e-05
It: 26700 Loss: 4.30100774765, LR: 2.63158175456e-05
It: 26800 Loss: 712.968933105, LR: 2.6184566858e-05
It: 26900 Loss: 81.0468673706, LR: 2.6053970786e-05
It: 27000 Loss: 361.370330811, LR: 2.59240260646e-05
It: 27100 Loss: 1215.81970215, LR: 2.57947294452e-05
It: 27200 Loss: 893.266113281, LR: 2.56660776954e-05
It: 27300 Loss: 352.010467529, LR: 2.55380675988e-05
It: 27400 Loss: 10.1915922165, LR: 2.54106959553e-05
It: 27500 Loss: 5.79174423218, LR: 2.52839595805e-05
It: 27600 Loss: 31.2238731384, LR: 2.5157855306e-05
It: 27700 Loss: 13.6281509399, LR: 2.50323799792e-05
It: 27800 Loss: 66.5826644897, LR: 2.49075304632e-05
It: 27900 Loss: 180.341247559, LR: 2.47833036367e-05
It: 28000 Loss: 143.287033081, LR: 2.46596963942e-05
It: 28100 Loss: 16.7554550171, LR: 2.45367056453e-05
It: 28200 Loss: 212.137573242, LR: 2.44143283153e-05
It: 28300 Loss: 884.286254883, LR: 2.42925613449e-05
It: 28400 Loss: 58.7534179688, LR: 2.41714016897e-05
It: 28500 Loss: 439.373382568, LR: 2.40508463208e-05
It: 28600 Loss: 203.191085815, LR: 2.39308922244e-05
It: 28700 Loss: 156.051544189, LR: 2.38115364015e-05
It: 28800 Loss: 5.14056634903, LR: 2.36927758682e-05
It: 28900 Loss: 109.917419434, LR: 2.35746076556e-05
It: 29000 Loss: 56.3573074341, LR: 2.34570288094e-05
It: 29100 Loss: 22.7458229065, LR: 2.33400363901e-05
It: 29200 Loss: 757.594177246, LR: 2.3223627473e-05
It: 29300 Loss: 424.267089844, LR: 2.31077991477e-05
It: 29400 Loss: 789.614379883, LR: 2.29925485187e-05
It: 29500 Loss: 5.81359386444, LR: 2.28778727045e-05
It: 29600 Loss: 345.620483398, LR: 2.27637688384e-05
It: 29700 Loss: 612.493286133, LR: 2.26502340676e-05
It: 29800 Loss: 119.088691711, LR: 2.25372655539e-05
It: 29900 Loss: 618.508850098, LR: 2.24248604731e-05
It: 30000 Loss: 5.36846733093, LR: 2.23130160148e-05
It: 30100 Loss: 89.9558105469, LR: 2.22017293832e-05
It: 30200 Loss: 79.3298416138, LR: 2.20909977959e-05
It: 30300 Loss: 4.03093528748, LR: 2.19808184848e-05
It: 30400 Loss: 431.799591064, LR: 2.18711886952e-05
It: 30500 Loss: 536.855102539, LR: 2.17621056865e-05
It: 30600 Loss: 4.19191980362, LR: 2.16535667316e-05
It: 30700 Loss: 153.013534546, LR: 2.1545569117e-05
It: 30800 Loss: 296.420227051, LR: 2.14381101427e-05
It: 30900 Loss: 164.212860107, LR: 2.13311871223e-05
It: 31000 Loss: 1225.16748047, LR: 2.12247973827e-05
It: 31100 Loss: 109.512702942, LR: 2.11189382641e-05
It: 31200 Loss: 184.287124634, LR: 2.10136071201e-05
It: 31300 Loss: 641.698120117, LR: 2.09088013173e-05
It: 31400 Loss: 37.6450576782, LR: 2.08045182357e-05
It: 31500 Loss: 12.6203022003, LR: 2.07007552681e-05
It: 31600 Loss: 115.463691711, LR: 2.05975098205e-05
It: 31700 Loss: 309.236053467, LR: 2.04947793117e-05
It: 31800 Loss: 4.0198841095, LR: 2.03925611734e-05
It: 31900 Loss: 231.966598511, LR: 2.02908528503e-05
It: 32000 Loss: 108.253967285, LR: 2.01896517995e-05
It: 32100 Loss: 4.7329659462, LR: 2.0088955491e-05
It: 32200 Loss: 61.3602867126, LR: 1.99887614075e-05
It: 32300 Loss: 4.41339206696, LR: 1.98890670441e-05
It: 32400 Loss: 245.922714233, LR: 1.97898699084e-05
It: 32500 Loss: 15.8697013855, LR: 1.96911675204e-05
It: 32600 Loss: 26.4454116821, LR: 1.95929574127e-05
It: 32700 Loss: 402.614227295, LR: 1.94952371299e-05
It: 32800 Loss: 3.29107165337, LR: 1.93980042291e-05
It: 32900 Loss: 481.345428467, LR: 1.93012562794e-05
It: 33000 Loss: 540.009033203, LR: 1.92049908621e-05
It: 33100 Loss: 3.34155035019, LR: 1.91092055705e-05
It: 33200 Loss: 250.067642212, LR: 1.90138980102e-05
It: 33300 Loss: 941.077026367, LR: 1.89190657982e-05
It: 33400 Loss: 3.73526787758, LR: 1.88247065639e-05
It: 33500 Loss: 890.931274414, LR: 1.87308179482e-05
It: 33600 Loss: 487.570251465, LR: 1.86373976039e-05
It: 33700 Loss: 53.0496292114, LR: 1.85444431956e-05
It: 33800 Loss: 6.33017969131, LR: 1.84519523993e-05
It: 33900 Loss: 8.80785083771, LR: 1.83599229028e-05
It: 34000 Loss: 103.523101807, LR: 1.82683524053e-05
It: 34100 Loss: 487.062561035, LR: 1.81772386175e-05
It: 34200 Loss: 4.00291824341, LR: 1.80865792617e-05
It: 34300 Loss: 185.904724121, LR: 1.79963720713e-05
It: 34400 Loss: 7.78508472443, LR: 1.79066147911e-05
It: 34500 Loss: 14.1902265549, LR: 1.78173051773e-05
It: 34600 Loss: 130.942352295, LR: 1.7728440997e-05
It: 34700 Loss: 737.664428711, LR: 1.76400200286e-05
It: 34800 Loss: 329.278533936, LR: 1.75520400617e-05
It: 34900 Loss: 4.47337627411, LR: 1.74644988967e-05
It: 35000 Loss: 376.205505371, LR: 1.7377394345e-05
It: 35100 Loss: 339.792327881, LR: 1.72907242292e-05
It: 35200 Loss: 4.90665817261, LR: 1.72044863823e-05
It: 35300 Loss: 60.5077323914, LR: 1.71186786485e-05
It: 35400 Loss: 53.91929245, LR: 1.70332988825e-05
It: 35500 Loss: 3.9570453167, LR: 1.69483449499e-05
It: 35600 Loss: 217.281463623, LR: 1.68638147269e-05
It: 35700 Loss: 9.09279155731, LR: 1.67797061e-05
It: 35800 Loss: 225.299407959, LR: 1.66960169667e-05
It: 35900 Loss: 4.36294603348, LR: 1.66127452347e-05
It: 36000 Loss: 3.36308336258, LR: 1.65298888222e-05
It: 36100 Loss: 24.5617313385, LR: 1.64474456577e-05
It: 36200 Loss: 10.97772789, LR: 1.63654136803e-05
It: 36300 Loss: 60.7589035034, LR: 1.6283790839e-05
It: 36400 Loss: 4.48259210587, LR: 1.62025750934e-05
It: 36500 Loss: 4.11559152603, LR: 1.6121764413e-05
It: 36600 Loss: 332.126983643, LR: 1.60413567775e-05
It: 36700 Loss: 242.825408936, LR: 1.59613501768e-05
It: 36800 Loss: 111.621841431, LR: 1.58817426107e-05
It: 36900 Loss: 4.41559553146, LR: 1.5802532089e-05
It: 37000 Loss: 825.778381348, LR: 1.57237166314e-05
It: 37100 Loss: 139.88444519, LR: 1.56452942675e-05
It: 37200 Loss: 4.16284656525, LR: 1.55672630368e-05
It: 37300 Loss: 116.50705719, LR: 1.54896209885e-05
It: 37400 Loss: 137.10798645, LR: 1.54123661815e-05
It: 37500 Loss: 5.52665328979, LR: 1.53354966845e-05
It: 37600 Loss: 484.522674561, LR: 1.52590105757e-05
It: 37700 Loss: 175.328842163, LR: 1.51829059429e-05
It: 37800 Loss: 82.4557571411, LR: 1.51071808836e-05
It: 37900 Loss: 862.209533691, LR: 1.50318335046e-05
It: 38000 Loss: 770.85333252, LR: 1.49568619223e-05
It: 38100 Loss: 671.791442871, LR: 1.48822642622e-05
It: 38200 Loss: 58.6444358826, LR: 1.48080386595e-05
It: 38300 Loss: 659.931030273, LR: 1.47341832586e-05
It: 38400 Loss: 522.850463867, LR: 1.4660696213e-05
It: 38500 Loss: 3.01395893097, LR: 1.45875756856e-05
It: 38600 Loss: 3.34582519531, LR: 1.45148198484e-05
It: 38700 Loss: 3.26426577568, LR: 1.44424268824e-05
It: 38800 Loss: 235.147705078, LR: 1.43703949778e-05
It: 38900 Loss: 31.6697769165, LR: 1.42987223338e-05
It: 39000 Loss: 72.6382369995, LR: 1.42274071587e-05
It: 39100 Loss: 4.00418949127, LR: 1.41564476694e-05
It: 39200 Loss: 6.22080802917, LR: 1.40858420921e-05
It: 39300 Loss: 1152.06091309, LR: 1.40155886616e-05
It: 39400 Loss: 372.786804199, LR: 1.39456856215e-05
It: 39500 Loss: 3.06661081314, LR: 1.38761312243e-05
It: 39600 Loss: 2.65222024918, LR: 1.38069237311e-05
It: 39700 Loss: 286.636077881, LR: 1.37380614117e-05
It: 39800 Loss: 4.07865905762, LR: 1.36695425446e-05
It: 39900 Loss: 625.969909668, LR: 1.36013654167e-05
It: 40000 Loss: 45.6164321899, LR: 1.35335283237e-05
It: 40100 Loss: 11.299115181, LR: 1.34660295696e-05
It: 40200 Loss: 504.238494873, LR: 1.33988674669e-05
It: 40300 Loss: 73.2506256104, LR: 1.33320403366e-05
It: 40400 Loss: 3.03284287453, LR: 1.3265546508e-05
It: 40500 Loss: 911.552246094, LR: 1.31993843188e-05
It: 40600 Loss: 2.82695770264, LR: 1.31335521148e-05
It: 40700 Loss: 16.1850757599, LR: 1.30680482504e-05
It: 40800 Loss: 16.5692443848, LR: 1.30028710878e-05
It: 40900 Loss: 285.686950684, LR: 1.29380189977e-05
It: 41000 Loss: 137.436096191, LR: 1.28734903588e-05
It: 41100 Loss: 3.5472240448, LR: 1.28092835578e-05
It: 41200 Loss: 473.680297852, LR: 1.27453969895e-05
It: 41300 Loss: 438.011016846, LR: 1.26818290568e-05
It: 41400 Loss: 390.904754639, LR: 1.26185781705e-05
It: 41500 Loss: 137.795715332, LR: 1.25556427493e-05
It: 41600 Loss: 64.7521514893, LR: 1.24930212199e-05
It: 41700 Loss: 503.70211792, LR: 1.24307120166e-05
It: 41800 Loss: 21.5676708221, LR: 1.23687135817e-05
It: 41900 Loss: 129.58392334, LR: 1.23070243654e-05
It: 42000 Loss: 171.003799438, LR: 1.22456428253e-05
It: 42100 Loss: 696.729125977, LR: 1.21845674269e-05
It: 42200 Loss: 3.48937606812, LR: 1.21237966433e-05
It: 42300 Loss: 73.0132522583, LR: 1.20633289553e-05
It: 42400 Loss: 442.440979004, LR: 1.20031628511e-05
It: 42500 Loss: 521.631713867, LR: 1.19432968267e-05
It: 42600 Loss: 388.46661377, LR: 1.18837293852e-05
It: 42700 Loss: 15.7466135025, LR: 1.18244590377e-05
It: 42800 Loss: 372.190429688, LR: 1.17654843022e-05
It: 42900 Loss: 577.085510254, LR: 1.17068037044e-05
It: 43000 Loss: 429.730987549, LR: 1.16484157773e-05
It: 43100 Loss: 3.35478544235, LR: 1.15903190613e-05
It: 43200 Loss: 312.972015381, LR: 1.15325121038e-05
It: 43300 Loss: 801.663635254, LR: 1.14749934597e-05
It: 43400 Loss: 44.3606834412, LR: 1.14177616911e-05
It: 43500 Loss: 5.25800418854, LR: 1.13608153671e-05
It: 43600 Loss: 61.1812019348, LR: 1.1304153064e-05
It: 43700 Loss: 186.428268433, LR: 1.12477733654e-05
It: 43800 Loss: 4.54051351547, LR: 1.11916748617e-05
It: 43900 Loss: 281.91809082, LR: 1.11358561505e-05
It: 44000 Loss: 3.58629012108, LR: 1.10803158362e-05
It: 44100 Loss: 4.33285903931, LR: 1.10250525304e-05
It: 44200 Loss: 3.70468235016, LR: 1.09700648516e-05
It: 44300 Loss: 3.03683590889, LR: 1.09153514248e-05
It: 44400 Loss: 243.585128784, LR: 1.08609108825e-05
It: 44500 Loss: 3.36279654503, LR: 1.08067418635e-05
It: 44600 Loss: 538.511779785, LR: 1.07528430136e-05
It: 44700 Loss: 654.59588623, LR: 1.06992129853e-05
It: 44800 Loss: 670.001525879, LR: 1.06458504379e-05
It: 44900 Loss: 326.964447021, LR: 1.05927540374e-05
It: 45000 Loss: 454.70526123, LR: 1.05399224562e-05
It: 45100 Loss: 591.243225098, LR: 1.04873543736e-05
It: 45200 Loss: 40.9795570374, LR: 1.04350484755e-05
It: 45300 Loss: 105.569747925, LR: 1.03830034541e-05
It: 45400 Loss: 181.402511597, LR: 1.03312180083e-05
It: 45500 Loss: 208.943603516, LR: 1.02796908435e-05
It: 45600 Loss: 319.055480957, LR: 1.02284206716e-05
It: 45700 Loss: 252.664123535, LR: 1.01774062106e-05
It: 45800 Loss: 115.260803223, LR: 1.01266461854e-05
It: 45900 Loss: 6.77361679077, LR: 1.00761393268e-05
It: 46000 Loss: 3.50113558769, LR: 1.00258843723e-05
It: 46100 Loss: 883.157409668, LR: 9.97588006536e-06
It: 46200 Loss: 347.900421143, LR: 9.92612515596e-06
It: 46300 Loss: 264.56829834, LR: 9.87661840021e-06
It: 46400 Loss: 50.4769058228, LR: 9.82735856044e-06
It: 46500 Loss: 2.58118343353, LR: 9.77834440514e-06
It: 46600 Loss: 3.21899604797, LR: 9.72957470895e-06
It: 46700 Loss: 5.4191236496, LR: 9.68104825265e-06
It: 46800 Loss: 292.39074707, LR: 9.63276382305e-06
It: 46900 Loss: 3.92374610901, LR: 9.58472021305e-06
It: 47000 Loss: 8.72777843475, LR: 9.53691622155e-06
It: 47100 Loss: 848.294799805, LR: 9.48935065346e-06
It: 47200 Loss: 211.94732666, LR: 9.44202231963e-06
It: 47300 Loss: 3.01465129852, LR: 9.39493003685e-06
It: 47400 Loss: 11.8315753937, LR: 9.34807262781e-06
It: 47500 Loss: 3.57303142548, LR: 9.30144892107e-06
It: 47600 Loss: 418.648010254, LR: 9.25505775103e-06
It: 47700 Loss: 128.854232788, LR: 9.20889795793e-06
It: 47800 Loss: 11.9682130814, LR: 9.16296838775e-06
It: 47900 Loss: 217.868530273, LR: 9.11726789226e-06
It: 48000 Loss: 663.04296875, LR: 9.07179532894e-06
It: 48100 Loss: 9.17411231995, LR: 9.02654956098e-06
It: 48200 Loss: 80.6297607422, LR: 8.98152945722e-06
It: 48300 Loss: 63.3467445374, LR: 8.93673389218e-06
It: 48400 Loss: 151.331436157, LR: 8.89216174594e-06
It: 48500 Loss: 680.114013672, LR: 8.84781190421e-06
It: 48600 Loss: 546.908630371, LR: 8.80368325824e-06
It: 48700 Loss: 10.5921449661, LR: 8.75977470481e-06
It: 48800 Loss: 276.71270752, LR: 8.7160851462e-06
It: 48900 Loss: 174.602859497, LR: 8.67261349017e-06
It: 49000 Loss: 61.2749633789, LR: 8.62935864994e-06
It: 49100 Loss: 2.56391572952, LR: 8.58631954412e-06
It: 49200 Loss: 836.346191406, LR: 8.54349509673e-06
It: 49300 Loss: 249.988388062, LR: 8.50088423717e-06
It: 49400 Loss: 2.9450302124, LR: 8.45848590016e-06
It: 49500 Loss: 535.723937988, LR: 8.41629902573e-06
It: 49600 Loss: 10.9481773376, LR: 8.37432255922e-06
It: 49700 Loss: 213.518569946, LR: 8.33255545121e-06
It: 49800 Loss: 125.638328552, LR: 8.29099665752e-06
It: 49900 Loss: 349.779327393, LR: 8.24964513917e-06
It: 50000 Loss: 13.2131118774, LR: 8.20849986239e-06
It: 50100 Loss: 552.469970703, LR: 8.16755979853e-06
It: 50200 Loss: 156.355575562, LR: 8.12682392409e-06
It: 50300 Loss: 7.57797574997, LR: 8.08629122067e-06
It: 50400 Loss: 21.3949584961, LR: 8.04596067495e-06
It: 50500 Loss: 127.334503174, LR: 8.00583127867e-06
It: 50600 Loss: 13.008477211, LR: 7.96590202859e-06
It: 50700 Loss: 4.29330825806, LR: 7.92617192647e-06
It: 50800 Loss: 357.578826904, LR: 7.88663997907e-06
It: 50900 Loss: 357.336853027, LR: 7.84730519807e-06
It: 51000 Loss: 2.30092096329, LR: 7.80816660012e-06
It: 51100 Loss: 353.452301025, LR: 7.76922320673e-06
It: 51200 Loss: 599.6328125, LR: 7.73047404433e-06
It: 51300 Loss: 15.8595647812, LR: 7.69191814418e-06
It: 51400 Loss: 671.188049316, LR: 7.65355454239e-06
It: 51500 Loss: 659.55871582, LR: 7.61538227986e-06
It: 51600 Loss: 647.737609863, LR: 7.57740040228e-06
It: 51700 Loss: 28.0526790619, LR: 7.53960796011e-06
It: 51800 Loss: 240.775588989, LR: 7.50200400853e-06
It: 51900 Loss: 337.284881592, LR: 7.46458760744e-06
It: 52000 Loss: 52.2216949463, LR: 7.42735782143e-06
It: 52100 Loss: 22.2796058655, LR: 7.39031371976e-06
It: 52200 Loss: 88.4801101685, LR: 7.35345437631e-06
It: 52300 Loss: 108.440063477, LR: 7.3167788696e-06
It: 52400 Loss: 3.22585535049, LR: 7.28028628274e-06
It: 52500 Loss: 275.923034668, LR: 7.24397570343e-06
It: 52600 Loss: 68.4199676514, LR: 7.20784622388e-06
It: 52700 Loss: 69.7653274536, LR: 7.17189694086e-06
It: 52800 Loss: 174.213088989, LR: 7.13612695564e-06
It: 52900 Loss: 461.86315918, LR: 7.10053537396e-06
It: 53000 Loss: 63.8742980957, LR: 7.06512130604e-06
It: 53100 Loss: 3.50930428505, LR: 7.02988386652e-06
It: 53200 Loss: 527.497436523, LR: 6.99482217447e-06
It: 53300 Loss: 174.736175537, LR: 6.95993535333e-06
It: 53400 Loss: 59.365978241, LR: 6.92522253093e-06
It: 53500 Loss: 807.450195312, LR: 6.89068283947e-06
It: 53600 Loss: 123.013671875, LR: 6.85631541543e-06
It: 53700 Loss: 530.31640625, LR: 6.82211939963e-06
It: 53800 Loss: 3.08661961555, LR: 6.78809393718e-06
It: 53900 Loss: 247.305007935, LR: 6.75423817742e-06
It: 54000 Loss: 26.9342441559, LR: 6.72055127397e-06
It: 54100 Loss: 314.69317627, LR: 6.68703238466e-06
It: 54200 Loss: 7.08111000061, LR: 6.6536806715e-06
It: 54300 Loss: 13.7379999161, LR: 6.62049530071e-06
It: 54400 Loss: 172.460357666, LR: 6.58747544264e-06
It: 54500 Loss: 315.329864502, LR: 6.5546202718e-06
It: 54600 Loss: 729.758605957, LR: 6.52192896681e-06
It: 54700 Loss: 255.596862793, LR: 6.48940071039e-06
It: 54800 Loss: 207.464172363, LR: 6.45703468932e-06
It: 54900 Loss: 41.7827453613, LR: 6.42483009445e-06
It: 55000 Loss: 525.417053223, LR: 6.39278612067e-06
It: 55100 Loss: 370.947784424, LR: 6.36090196688e-06
It: 55200 Loss: 2.67578816414, LR: 6.32917683596e-06
It: 55300 Loss: 224.934387207, LR: 6.2976099348e-06
It: 55400 Loss: 3.44994187355, LR: 6.26620047422e-06
It: 55500 Loss: 62.5150108337, LR: 6.23494766897e-06
It: 55600 Loss: 615.61505127, LR: 6.20385073774e-06
It: 55700 Loss: 245.100967407, LR: 6.1729089031e-06
It: 55800 Loss: 119.995536804, LR: 6.1421213915e-06
It: 55900 Loss: 119.220413208, LR: 6.11148743326e-06
It: 56000 Loss: 8.2427778244, LR: 6.08100626252e-06
It: 56100 Loss: 162.505752563, LR: 6.05067711726e-06
It: 56200 Loss: 346.868103027, LR: 6.02049923924e-06
It: 56300 Loss: 2.57031202316, LR: 5.99047187401e-06
It: 56400 Loss: 72.2843093872, LR: 5.96059427089e-06
It: 56500 Loss: 202.145614624, LR: 5.93086568294e-06
It: 56600 Loss: 536.755859375, LR: 5.90128536694e-06
It: 56700 Loss: 134.28465271, LR: 5.87185258339e-06
It: 56800 Loss: 398.670227051, LR: 5.84256659645e-06
It: 56900 Loss: 57.059928894, LR: 5.81342667398e-06
It: 57000 Loss: 189.242904663, LR: 5.78443208748e-06
It: 57100 Loss: 505.287811279, LR: 5.75558211209e-06
It: 57200 Loss: 119.819755554, LR: 5.72687602655e-06
It: 57300 Loss: 215.528625488, LR: 5.6983131132e-06
It: 57400 Loss: 526.965209961, LR: 5.66989265798e-06
It: 57500 Loss: 9.14619731903, LR: 5.64161395038e-06
It: 57600 Loss: 2.33581352234, LR: 5.61347628341e-06
It: 57700 Loss: 235.937866211, LR: 5.58547895365e-06
It: 57800 Loss: 494.577362061, LR: 5.55762126115e-06
It: 57900 Loss: 27.7148628235, LR: 5.52990250947e-06
It: 58000 Loss: 3.00848007202, LR: 5.50232200564e-06
It: 58100 Loss: 2.25660037994, LR: 5.47487906015e-06
It: 58200 Loss: 3.21719050407, LR: 5.44757298692e-06
It: 58300 Loss: 2.99751734734, LR: 5.4204031033e-06
It: 58400 Loss: 732.370361328, LR: 5.39336873004e-06
It: 58500 Loss: 122.430603027, LR: 5.36646919127e-06
It: 58600 Loss: 710.639648438, LR: 5.33970381452e-06
It: 58700 Loss: 626.033508301, LR: 5.31307193064e-06
It: 58800 Loss: 480.686950684, LR: 5.28657287384e-06
It: 58900 Loss: 195.480712891, LR: 5.26020598163e-06
It: 59000 Loss: 492.259277344, LR: 5.23397059484e-06
It: 59100 Loss: 188.03453064, LR: 5.2078660576e-06
It: 59200 Loss: 3.28435182571, LR: 5.18189171727e-06
It: 59300 Loss: 47.6297683716, LR: 5.15604692451e-06
It: 59400 Loss: 211.269699097, LR: 5.13033103319e-06
It: 59500 Loss: 225.118377686, LR: 5.10474340042e-06
It: 59600 Loss: 551.538818359, LR: 5.07928338649e-06
It: 59700 Loss: 3.1256711483, LR: 5.05395035491e-06
It: 59800 Loss: 3.25106406212, LR: 5.02874367236e-06
It: 59900 Loss: 232.168457031, LR: 5.00366270866e-06
It: 60000 Loss: 475.725585938, LR: 4.97870683679e-06
It: 60100 Loss: 3.45608568192, LR: 4.95387543284e-06
It: 60200 Loss: 1061.04174805, LR: 4.92916787605e-06
It: 60300 Loss: 152.154632568, LR: 4.9045835487e-06
It: 60400 Loss: 115.430801392, LR: 4.8801218362e-06
It: 60500 Loss: 241.985427856, LR: 4.855782127e-06
It: 60600 Loss: 424.228363037, LR: 4.83156381261e-06
It: 60700 Loss: 121.389854431, LR: 4.80746628756e-06
It: 60800 Loss: 192.393325806, LR: 4.78348894942e-06
It: 60900 Loss: 17.516702652, LR: 4.75963119875e-06
It: 61000 Loss: 343.5887146, LR: 4.73589243911e-06
It: 61100 Loss: 4.09289598465, LR: 4.71227207703e-06
It: 61200 Loss: 13.3485536575, LR: 4.688769522e-06
It: 61300 Loss: 600.83996582, LR: 4.66538418645e-06
It: 61400 Loss: 1191.20495605, LR: 4.64211548574e-06
It: 61500 Loss: 22.8802566528, LR: 4.61896283817e-06
It: 61600 Loss: 344.8984375, LR: 4.5959256649e-06
It: 61700 Loss: 220.230117798, LR: 4.57300339002e-06
It: 61800 Loss: 629.994140625, LR: 4.55019544046e-06
It: 61900 Loss: 3.57294583321, LR: 4.52750124603e-06
It: 62000 Loss: 23.546043396, LR: 4.50492023936e-06
It: 62100 Loss: 76.3950042725, LR: 4.48245185593e-06
It: 62200 Loss: 1220.97119141, LR: 4.46009553403e-06
It: 62300 Loss: 318.899291992, LR: 4.43785071475e-06
It: 62400 Loss: 994.467895508, LR: 4.41571684197e-06
It: 62500 Loss: 462.286193848, LR: 4.39369336234e-06
It: 62600 Loss: 2.4244287014, LR: 4.37177972528e-06
It: 62700 Loss: 3.89091157913, LR: 4.34997538293e-06
It: 62800 Loss: 581.791015625, LR: 4.3282797902e-06
It: 62900 Loss: 135.177581787, LR: 4.30669240468e-06
It: 63000 Loss: 3.58320856094, LR: 4.2852126867e-06
It: 63100 Loss: 21.7596950531, LR: 4.26384009927e-06
It: 63200 Loss: 177.502105713, LR: 4.24257410805e-06
It: 63300 Loss: 344.380004883, LR: 4.22141418141e-06
It: 63400 Loss: 571.996765137, LR: 4.20035979034e-06
It: 63500 Loss: 54.1923942566, LR: 4.17941040849e-06
It: 63600 Loss: 253.00793457, LR: 4.15856551212e-06
It: 63700 Loss: 134.190170288, LR: 4.1378245801e-06
It: 63800 Loss: 335.611846924, LR: 4.11718709391e-06
It: 63900 Loss: 144.394851685, LR: 4.09665253761e-06
It: 64000 Loss: 579.292541504, LR: 4.07622039784e-06
It: 64100 Loss: 803.775390625, LR: 4.05589016379e-06
It: 64200 Loss: 370.590270996, LR: 4.0356613272e-06
It: 64300 Loss: 111.36391449, LR: 4.01553338236e-06
It: 64400 Loss: 2.84235095978, LR: 3.99550582607e-06
It: 64500 Loss: 97.60597229, LR: 3.97557815762e-06
It: 64600 Loss: 243.600219727, LR: 3.95574987884e-06
It: 64700 Loss: 460.183898926, LR: 3.93602049401e-06
It: 64800 Loss: 3.45157670975, LR: 3.9163895099e-06
It: 64900 Loss: 1543.6295166, LR: 3.89685643573e-06
It: 65000 Loss: 708.999694824, LR: 3.87742078317e-06
It: 65100 Loss: 204.597640991, LR: 3.85808206634e-06
It: 65200 Loss: 11.4322957993, LR: 3.83883980176e-06
It: 65300 Loss: 133.026779175, LR: 3.81969350837e-06
It: 65400 Loss: 191.980743408, LR: 3.80064270752e-06
It: 65500 Loss: 118.251998901, LR: 3.78168692293e-06
It: 65600 Loss: 522.422119141, LR: 3.76282568072e-06
It: 65700 Loss: 70.677154541, LR: 3.74405850934e-06
It: 65800 Loss: 262.370941162, LR: 3.72538493962e-06
It: 65900 Loss: 128.961380005, LR: 3.70680450472e-06
It: 66000 Loss: 2.82531142235, LR: 3.68831674012e-06
It: 66100 Loss: 272.934539795, LR: 3.66992118364e-06
It: 66200 Loss: 348.640930176, LR: 3.65161737537e-06
It: 66300 Loss: 16.1938972473, LR: 3.63340485773e-06
It: 66400 Loss: 351.522705078, LR: 3.6152831754e-06
It: 66500 Loss: 190.137268066, LR: 3.59725187534e-06
It: 66600 Loss: 333.885253906, LR: 3.57931050677e-06
It: 66700 Loss: 349.895935059, LR: 3.56145862114e-06
It: 66800 Loss: 8.04243755341, LR: 3.54369577216e-06
It: 66900 Loss: 3.36081123352, LR: 3.52602151576e-06
It: 67000 Loss: 3.04412961006, LR: 3.50843541008e-06
It: 67100 Loss: 2.85391736031, LR: 3.49093701548e-06
It: 67200 Loss: 116.134841919, LR: 3.47352589447e-06
It: 67300 Loss: 123.778907776, LR: 3.4562016118e-06
It: 67400 Loss: 188.038040161, LR: 3.43896373435e-06
It: 67500 Loss: 210.203216553, LR: 3.42181183117e-06
It: 67600 Loss: 664.863037109, LR: 3.40474547346e-06
It: 67700 Loss: 457.423309326, LR: 3.38776423457e-06
It: 67800 Loss: 67.5146942139, LR: 3.37086768996e-06
It: 67900 Loss: 164.2762146, LR: 3.35405541721e-06
It: 68000 Loss: 2.51661705971, LR: 3.33732699603e-06
It: 68100 Loss: 480.107910156, LR: 3.3206820082e-06
It: 68200 Loss: 2.65030765533, LR: 3.30412003759e-06
It: 68300 Loss: 264.309570312, LR: 3.28764067015e-06
It: 68400 Loss: 95.1824264526, LR: 3.2712434939e-06
It: 68500 Loss: 568.698059082, LR: 3.25492809891e-06
It: 68600 Loss: 431.125335693, LR: 3.23869407729e-06
It: 68700 Loss: 25.5100154877, LR: 3.22254102319e-06
It: 68800 Loss: 57.3216705322, LR: 3.20646853279e-06
It: 68900 Loss: 28.5055522919, LR: 3.19047620426e-06
It: 69000 Loss: 2.51674938202, LR: 3.17456363781e-06
It: 69100 Loss: 3.27616214752, LR: 3.15873043561e-06
It: 69200 Loss: 403.248321533, LR: 3.14297620184e-06
It: 69300 Loss: 14.7654972076, LR: 3.12730054263e-06
It: 69400 Loss: 301.018615723, LR: 3.11170306611e-06
It: 69500 Loss: 2.321652174, LR: 3.09618338232e-06
It: 69600 Loss: 3.13929271698, LR: 3.08074110328e-06
It: 69700 Loss: 854.776306152, LR: 3.06537584292e-06
It: 69800 Loss: 18.9208240509, LR: 3.05008721712e-06
It: 69900 Loss: 2.10465312004, LR: 3.03487484366e-06
It: 70000 Loss: 412.592437744, LR: 3.01973834223e-06
It: 70100 Loss: 11.2557106018, LR: 3.00467733442e-06
It: 70200 Loss: 157.532897949, LR: 2.98969144369e-06
It: 70300 Loss: 564.705078125, LR: 2.97478029541e-06
It: 70400 Loss: 323.223052979, LR: 2.95994351679e-06
It: 70500 Loss: 1269.19812012, LR: 2.94518073691e-06
It: 70600 Loss: 235.574035645, LR: 2.9304915867e-06
It: 70700 Loss: 144.132659912, LR: 2.91587569894e-06
It: 70800 Loss: 213.562332153, LR: 2.90133270822e-06
It: 70900 Loss: 174.881988525, LR: 2.88686225097e-06
It: 71000 Loss: 311.732971191, LR: 2.87246396542e-06
It: 71100 Loss: 10.4746732712, LR: 2.85813749163e-06
It: 71200 Loss: 2.24035739899, LR: 2.84388247142e-06
It: 71300 Loss: 3.0234336853, LR: 2.82969854842e-06
It: 71400 Loss: 373.595245361, LR: 2.81558536803e-06
It: 71500 Loss: 386.849945068, LR: 2.80154257742e-06
It: 71600 Loss: 139.066574097, LR: 2.78756982552e-06
It: 71700 Loss: 520.809143066, LR: 2.77366676302e-06
It: 71800 Loss: 2.75046372414, LR: 2.75983304232e-06
It: 71900 Loss: 145.615646362, LR: 2.7460683176e-06
It: 72000 Loss: 479.856536865, LR: 2.73237224473e-06
It: 72100 Loss: 472.716552734, LR: 2.71874448131e-06
It: 72200 Loss: 22.5941333771, LR: 2.70518468664e-06
It: 72300 Loss: 166.655639648, LR: 2.69169252172e-06
It: 72400 Loss: 523.487121582, LR: 2.67826764926e-06
It: 72500 Loss: 152.344390869, LR: 2.66490973364e-06
It: 72600 Loss: 133.624725342, LR: 2.65161844089e-06
It: 72700 Loss: 489.02734375, LR: 2.63839343874e-06
It: 72800 Loss: 193.72543335, LR: 2.62523439657e-06
It: 72900 Loss: 3.14044594765, LR: 2.61214098539e-06
It: 73000 Loss: 353.011749268, LR: 2.59911287788e-06
It: 73100 Loss: 116.541244507, LR: 2.58614974832e-06
It: 73200 Loss: 540.94732666, LR: 2.57325127264e-06
It: 73300 Loss: 350.295928955, LR: 2.56041712837e-06
It: 73400 Loss: 2.76372814178, LR: 2.54764699467e-06
It: 73500 Loss: 2.71140193939, LR: 2.53494055227e-06
It: 73600 Loss: 3.46537876129, LR: 2.52229748352e-06
It: 73700 Loss: 13.9907588959, LR: 2.50971747234e-06
It: 73800 Loss: 2.75410366058, LR: 2.49720020423e-06
It: 73900 Loss: 2.92866063118, LR: 2.48474536625e-06
It: 74000 Loss: 16.463224411, LR: 2.47235264703e-06
It: 74100 Loss: 385.284790039, LR: 2.46002173676e-06
It: 74200 Loss: 12.1447000504, LR: 2.44775232717e-06
It: 74300 Loss: 16.7270050049, LR: 2.4355441115e-06
It: 74400 Loss: 16.0855121613, LR: 2.42339678457e-06
It: 74500 Loss: 3.18584132195, LR: 2.41131004268e-06
It: 74600 Loss: 53.6592636108, LR: 2.39928358367e-06
It: 74700 Loss: 64.9272689819, LR: 2.38731710687e-06
It: 74800 Loss: 598.813598633, LR: 2.37541031313e-06
It: 74900 Loss: 9.18537807465, LR: 2.36356290477e-06
It: 75000 Loss: 128.668838501, LR: 2.3517745856e-06
It: 75100 Loss: 60.9253997803, LR: 2.34004506092e-06
It: 75200 Loss: 220.875518799, LR: 2.32837403749e-06
It: 75300 Loss: 516.632202148, LR: 2.31676122353e-06
It: 75400 Loss: 26.6043777466, LR: 2.30520632872e-06
It: 75500 Loss: 149.004943848, LR: 2.29370906419e-06
It: 75600 Loss: 127.954559326, LR: 2.28226914251e-06
It: 75700 Loss: 3.39930295944, LR: 2.27088627767e-06
It: 75800 Loss: 76.9041900635, LR: 2.25956018511e-06
It: 75900 Loss: 16.1269760132, LR: 2.24829058167e-06
It: 76000 Loss: 1009.32354736, LR: 2.23707718562e-06
It: 76100 Loss: 9.50566864014, LR: 2.22591971661e-06
It: 76200 Loss: 64.9912338257, LR: 2.2148178957e-06
It: 76300 Loss: 677.684509277, LR: 2.20377144536e-06
It: 76400 Loss: 3.22538208961, LR: 2.19278008943e-06
It: 76500 Loss: 77.750869751, LR: 2.1818435531e-06
It: 76600 Loss: 3.41447925568, LR: 2.17096156298e-06
It: 76700 Loss: 890.259643555, LR: 2.16013384702e-06
It: 76800 Loss: 824.879394531, LR: 2.14936013451e-06
It: 76900 Loss: 227.760696411, LR: 2.13864015612e-06
It: 77000 Loss: 3.31679487228, LR: 2.12797364384e-06
It: 77100 Loss: 518.288330078, LR: 2.11736033101e-06
It: 77200 Loss: 519.36138916, LR: 2.1067999523e-06
It: 77300 Loss: 237.60043335, LR: 2.09629224371e-06
It: 77400 Loss: 3.70903253555, LR: 2.08583694252e-06
It: 77500 Loss: 63.0717391968, LR: 2.07543378737e-06
It: 77600 Loss: 296.437957764, LR: 2.06508251817e-06
It: 77700 Loss: 23.7284202576, LR: 2.05478287614e-06
It: 77800 Loss: 57.3180999756, LR: 2.04453460379e-06
It: 77900 Loss: 62.3816490173, LR: 2.03433744492e-06
It: 78000 Loss: 15.3872003555, LR: 2.02419114458e-06
It: 78100 Loss: 62.1111526489, LR: 2.01409544913e-06
It: 78200 Loss: 3.25283837318, LR: 2.00405010617e-06
It: 78300 Loss: 138.087203979, LR: 1.99405486456e-06
It: 78400 Loss: 1002.66607666, LR: 1.98410947444e-06
It: 78500 Loss: 136.132095337, LR: 1.97421368715e-06
It: 78600 Loss: 64.9585037231, LR: 1.96436725531e-06
It: 78700 Loss: 309.552764893, LR: 1.95456993275e-06
It: 78800 Loss: 251.750457764, LR: 1.94482147454e-06
It: 78900 Loss: 62.3613586426, LR: 1.93512163697e-06
It: 79000 Loss: 160.51802063, LR: 1.92547017754e-06
It: 79100 Loss: 150.094467163, LR: 1.91586685496e-06
It: 79200 Loss: 50.4522666931, LR: 1.90631142916e-06
It: 79300 Loss: 59.280040741, LR: 1.89680366124e-06
It: 79400 Loss: 2.6661760807, LR: 1.88734331352e-06
It: 79500 Loss: 601.106445312, LR: 1.87793014947e-06
It: 79600 Loss: 222.375839233, LR: 1.86856393377e-06
It: 79700 Loss: 139.149353027, LR: 1.85924443227e-06
It: 79800 Loss: 233.87399292, LR: 1.84997141198e-06
It: 79900 Loss: 159.43737793, LR: 1.84074464107e-06
It: 80000 Loss: 1.77041482925, LR: 1.83156388887e-06
It: 80100 Loss: 887.750915527, LR: 1.82242892587e-06
It: 80200 Loss: 3.27886223793, LR: 1.81333952368e-06
It: 80300 Loss: 532.604064941, LR: 1.80429545508e-06
It: 80400 Loss: 17.7311820984, LR: 1.79529649395e-06
It: 80500 Loss: 234.488250732, LR: 1.78634241533e-06
It: 80600 Loss: 18.6603984833, LR: 1.77743299537e-06
It: 80700 Loss: 467.11630249, LR: 1.76856801132e-06
It: 80800 Loss: 17.3574466705, LR: 1.75974724156e-06
It: 80900 Loss: 122.078323364, LR: 1.75097046558e-06
It: 81000 Loss: 2.8552544117, LR: 1.74223746395e-06
It: 81100 Loss: 159.416549683, LR: 1.73354801835e-06
It: 81200 Loss: 2.93579745293, LR: 1.72490191153e-06
It: 81300 Loss: 834.622192383, LR: 1.71629892736e-06
It: 81400 Loss: 413.465789795, LR: 1.70773885075e-06
It: 81500 Loss: 2.71557736397, LR: 1.6992214677e-06
It: 81600 Loss: 2.73131275177, LR: 1.69074656527e-06
It: 81700 Loss: 2.20317149162, LR: 1.6823139316e-06
It: 81800 Loss: 464.96887207, LR: 1.67392335586e-06
It: 81900 Loss: 762.377319336, LR: 1.66557462829e-06
It: 82000 Loss: 63.4401817322, LR: 1.65726754018e-06
It: 82100 Loss: 2.45420527458, LR: 1.64900188384e-06
It: 82200 Loss: 2.07092308998, LR: 1.64077745263e-06
It: 82300 Loss: 3.57933449745, LR: 1.63259404094e-06
It: 82400 Loss: 812.903381348, LR: 1.62445144419e-06
It: 82500 Loss: 6.37680625916, LR: 1.61634945882e-06
It: 82600 Loss: 177.860198975, LR: 1.60828788226e-06
It: 82700 Loss: 136.882080078, LR: 1.60026651298e-06
It: 82800 Loss: 125.546188354, LR: 1.59228515045e-06
It: 82900 Loss: 2.22044539452, LR: 1.58434359513e-06
It: 83000 Loss: 12.7759113312, LR: 1.57644164849e-06
It: 83100 Loss: 9.15489387512, LR: 1.56857911296e-06
It: 83200 Loss: 370.518890381, LR: 1.560755792e-06
It: 83300 Loss: 481.895263672, LR: 1.55297149001e-06
It: 83400 Loss: 596.343139648, LR: 1.54522601239e-06
It: 83500 Loss: 253.84173584, LR: 1.5375191655e-06
It: 83600 Loss: 513.719482422, LR: 1.52985075667e-06
It: 83700 Loss: 300.036834717, LR: 1.52222059419e-06
It: 83800 Loss: 391.554870605, LR: 1.5146284873e-06
It: 83900 Loss: 142.780685425, LR: 1.50707424621e-06
It: 84000 Loss: 349.218322754, LR: 1.49955768205e-06
It: 84100 Loss: 1093.70703125, LR: 1.49207860691e-06
It: 84200 Loss: 192.930755615, LR: 1.48463683381e-06
It: 84300 Loss: 121.28062439, LR: 1.47723217671e-06
It: 84400 Loss: 257.176971436, LR: 1.46986445049e-06
It: 84500 Loss: 302.590667725, LR: 1.46253347096e-06
It: 84600 Loss: 246.132232666, LR: 1.45523905484e-06
It: 84700 Loss: 123.047958374, LR: 1.44798101978e-06
It: 84800 Loss: 14.9343128204, LR: 1.44075918431e-06
It: 84900 Loss: 78.9373092651, LR: 1.4335733679e-06
It: 85000 Loss: 13.1160354614, LR: 1.4264233909e-06
It: 85100 Loss: 3.00167036057, LR: 1.41930907456e-06
It: 85200 Loss: 143.342193604, LR: 1.41223024102e-06
It: 85300 Loss: 1216.26672363, LR: 1.4051867133e-06
It: 85400 Loss: 11.1940174103, LR: 1.39817831533e-06
It: 85500 Loss: 303.040008545, LR: 1.39120487189e-06
It: 85600 Loss: 244.591247559, LR: 1.38426620865e-06
It: 85700 Loss: 796.329711914, LR: 1.37736215213e-06
It: 85800 Loss: 788.295898438, LR: 1.37049252974e-06
It: 85900 Loss: 57.6625823975, LR: 1.36365716973e-06
It: 86000 Loss: 539.404907227, LR: 1.35685590122e-06
It: 86100 Loss: 160.45149231, LR: 1.35008855418e-06
It: 86200 Loss: 23.8829288483, LR: 1.34335495942e-06
It: 86300 Loss: 23.9555454254, LR: 1.33665494861e-06
It: 86400 Loss: 57.0876274109, LR: 1.32998835424e-06
It: 86500 Loss: 252.651809692, LR: 1.32335500965e-06
It: 86600 Loss: 142.513656616, LR: 1.31675474901e-06
It: 86700 Loss: 898.12677002, LR: 1.3101874073e-06
It: 86800 Loss: 146.28338623, LR: 1.30365282034e-06
It: 86900 Loss: 2.8624253273, LR: 1.29715082478e-06
It: 87000 Loss: 2.21309232712, LR: 1.29068125805e-06
It: 87100 Loss: 2.5982196331, LR: 1.28424395842e-06
It: 87200 Loss: 156.142807007, LR: 1.27783876495e-06
It: 87300 Loss: 623.034423828, LR: 1.27146551752e-06
It: 87400 Loss: 345.572906494, LR: 1.2651240568e-06
It: 87500 Loss: 2.78953170776, LR: 1.25881422424e-06
It: 87600 Loss: 433.270355225, LR: 1.25253586211e-06
It: 87700 Loss: 261.608276367, LR: 1.24628881343e-06
It: 87800 Loss: 479.103515625, LR: 1.24007292204e-06
It: 87900 Loss: 3.60092258453, LR: 1.23388803254e-06
It: 88000 Loss: 284.024139404, LR: 1.22773399031e-06
It: 88100 Loss: 2.9176068306, LR: 1.22161064148e-06
It: 88200 Loss: 136.933395386, LR: 1.21551783299e-06
It: 88300 Loss: 17.9069061279, LR: 1.20945541251e-06
It: 88400 Loss: 59.7375450134, LR: 1.20342322847e-06
It: 88500 Loss: 606.562927246, LR: 1.19742113008e-06
It: 88600 Loss: 987.139587402, LR: 1.19144896728e-06
It: 88700 Loss: 140.373031616, LR: 1.18550659076e-06
It: 88800 Loss: 21.9466171265, LR: 1.17959385198e-06
It: 88900 Loss: 117.592079163, LR: 1.17371060309e-06
It: 89000 Loss: 4.14150524139, LR: 1.16785669704e-06
It: 89100 Loss: 248.630401611, LR: 1.16203198746e-06
It: 89200 Loss: 266.358551025, LR: 1.15623632875e-06
It: 89300 Loss: 434.484405518, LR: 1.150469576e-06
It: 89400 Loss: 271.79309082, LR: 1.14473158505e-06
It: 89500 Loss: 2.88116717339, LR: 1.13902221245e-06
It: 89600 Loss: 359.253326416, LR: 1.13334131547e-06
It: 89700 Loss: 378.953338623, LR: 1.12768875207e-06
It: 89800 Loss: 2.5917801857, LR: 1.12206438096e-06
It: 89900 Loss: 264.611022949, LR: 1.11646806151e-06
It: 90000 Loss: 266.348175049, LR: 1.11089965382e-06
It: 90100 Loss: 1272.54284668, LR: 1.10535901869e-06
It: 90200 Loss: 790.157958984, LR: 1.09984601758e-06
It: 90300 Loss: 305.853942871, LR: 1.09436051268e-06
It: 90400 Loss: 235.856262207, LR: 1.08890236686e-06
It: 90500 Loss: 787.013061523, LR: 1.08347144364e-06
It: 90600 Loss: 44.2884864807, LR: 1.07806760727e-06
It: 90700 Loss: 9.21588611603, LR: 1.07269072265e-06
It: 90800 Loss: 239.568344116, LR: 1.06734065535e-06
It: 90900 Loss: 9.75833892822, LR: 1.06201727163e-06
It: 91000 Loss: 2.04239463806, LR: 1.05672043839e-06
It: 91100 Loss: 2.60585737228, LR: 1.05145002321e-06
It: 91200 Loss: 3.65320158005, LR: 1.04620589434e-06
It: 91300 Loss: 800.014038086, LR: 1.04098792068e-06
It: 91400 Loss: 2.97452831268, LR: 1.03579597176e-06
It: 91500 Loss: 2.66022133827, LR: 1.0306299178e-06
It: 91600 Loss: 514.636108398, LR: 1.02548962964e-06
It: 91700 Loss: 671.931396484, LR: 1.02037497877e-06
It: 91800 Loss: 3.35228633881, LR: 1.01528583734e-06
It: 91900 Loss: 135.337646484, LR: 1.0102220781e-06
It: 92000 Loss: 385.143493652, LR: 1.00518357446e-06
It: 92100 Loss: 2.96190071106, LR: 1.00017020047e-06
It: 92200 Loss: 138.092636108, LR: 9.95181830785e-07
It: 92300 Loss: 211.909164429, LR: 9.90218340697e-07
It: 92400 Loss: 11.80701828, LR: 9.85279606119e-07
It: 92500 Loss: 218.160202026, LR: 9.80365503582e-07
It: 92600 Loss: 117.84072113, LR: 9.75475910234e-07
It: 92700 Loss: 379.86315918, LR: 9.70610703835e-07
It: 92800 Loss: 9.76850891113, LR: 9.65769762754e-07
It: 92900 Loss: 127.091049194, LR: 9.60952965967e-07
It: 93000 Loss: 2.30819439888, LR: 9.56160193054e-07
It: 93100 Loss: 2.43975353241, LR: 9.51391324196e-07
It: 93200 Loss: 3.29651451111, LR: 9.46646240171e-07
It: 93300 Loss: 2.78168606758, LR: 9.41924822351e-07
It: 93400 Loss: 3.2433283329, LR: 9.37226952701e-07
It: 93500 Loss: 172.639862061, LR: 9.32552513773e-07
It: 93600 Loss: 124.8152771, LR: 9.27901388706e-07
It: 93700 Loss: 130.542282104, LR: 9.23273461223e-07
It: 93800 Loss: 66.8327026367, LR: 9.18668615624e-07
It: 93900 Loss: 68.2028961182, LR: 9.14086736789e-07
It: 94000 Loss: 2.85585284233, LR: 9.0952771017e-07
It: 94100 Loss: 11.5319900513, LR: 9.0499142179e-07
It: 94200 Loss: 128.120422363, LR: 9.00477758244e-07
It: 94300 Loss: 740.360717773, LR: 8.95986606688e-07
It: 94400 Loss: 541.560058594, LR: 8.91517854844e-07
It: 94500 Loss: 2.65790367126, LR: 8.87071390993e-07
It: 94600 Loss: 3.47478175163, LR: 8.82647103973e-07
It: 94700 Loss: 422.90927124, LR: 8.78244883176e-07
It: 94800 Loss: 116.190673828, LR: 8.73864618547e-07
It: 94900 Loss: 150.539215088, LR: 8.6950620058e-07
It: 95000 Loss: 23.734287262, LR: 8.65169520312e-07
It: 95100 Loss: 53.1313362122, LR: 8.60854469328e-07
It: 95200 Loss: 114.561325073, LR: 8.5656093975e-07
It: 95300 Loss: 458.483276367, LR: 8.5228882424e-07
It: 95400 Loss: 179.933441162, LR: 8.48038015995e-07
It: 95500 Loss: 804.14855957, LR: 8.43808408745e-07
It: 95600 Loss: 182.304702759, LR: 8.39599896749e-07
It: 95700 Loss: 359.185913086, LR: 8.35412374794e-07
It: 95800 Loss: 479.777801514, LR: 8.31245738192e-07
It: 95900 Loss: 2.8079199791, LR: 8.27099882777e-07
It: 96000 Loss: 2.818816185, LR: 8.22974704902e-07
It: 96100 Loss: 1.78386092186, LR: 8.18870101437e-07
It: 96200 Loss: 655.805236816, LR: 8.14785969768e-07
It: 96300 Loss: 1096.70654297, LR: 8.1072220779e-07
It: 96400 Loss: 120.147377014, LR: 8.0667871391e-07
It: 96500 Loss: 282.859954834, LR: 8.0265538704e-07
It: 96600 Loss: 581.926025391, LR: 7.98652126596e-07
It: 96700 Loss: 120.917510986, LR: 7.94668832496e-07
It: 96800 Loss: 282.042388916, LR: 7.90705405159e-07
It: 96900 Loss: 2.68646407127, LR: 7.86761745499e-07
It: 97000 Loss: 150.958786011, LR: 7.82837754923e-07
It: 97100 Loss: 468.111968994, LR: 7.78933335331e-07
It: 97200 Loss: 12.0207309723, LR: 7.75048389114e-07
It: 97300 Loss: 3.19697570801, LR: 7.71182819146e-07
It: 97400 Loss: 833.128417969, LR: 7.6733652879e-07
It: 97500 Loss: 520.460998535, LR: 7.63509421886e-07
It: 97600 Loss: 26.6892051697, LR: 7.59701402758e-07
It: 97700 Loss: 83.2847518921, LR: 7.55912376204e-07
It: 97800 Loss: 139.103271484, LR: 7.52142247499e-07
It: 97900 Loss: 3.15484547615, LR: 7.4839092239e-07
It: 98000 Loss: 175.542953491, LR: 7.44658307092e-07
It: 98100 Loss: 229.385009766, LR: 7.40944308291e-07
It: 98200 Loss: 130.130615234, LR: 7.37248833137e-07
It: 98300 Loss: 227.108337402, LR: 7.33571789241e-07
It: 98400 Loss: 2.59859418869, LR: 7.29913084679e-07
It: 98500 Loss: 27.6782550812, LR: 7.26272627981e-07
It: 98600 Loss: 2.53348684311, LR: 7.22650328138e-07
It: 98700 Loss: 8.88153839111, LR: 7.1904609459e-07
It: 98800 Loss: 431.277862549, LR: 7.15459837231e-07
It: 98900 Loss: 2.21043395996, LR: 7.11891466406e-07
It: 99000 Loss: 286.322937012, LR: 7.08340892905e-07
It: 99100 Loss: 48.0411109924, LR: 7.04808027963e-07
It: 99200 Loss: 762.044799805, LR: 7.01292783259e-07
It: 99300 Loss: 1175.63720703, LR: 6.9779507091e-07
It: 99400 Loss: 63.8501281738, LR: 6.94314803475e-07
It: 99500 Loss: 29.6508636475, LR: 6.90851893945e-07
It: 99600 Loss: 298.413482666, LR: 6.8740625575e-07
It: 99700 Loss: 17.3482227325, LR: 6.83977802746e-07
It: 99800 Loss: 132.485733032, LR: 6.80566449223e-07
It: 99900 Loss: 2.44310379028, LR: 6.77172109897e-07
